E:\2. Emilia\4. DOM AGNIESZKI\0. CADY\04_dom agnieszki.dwg,ELEW S,12.12.2017 12:24:38,Mateusz,DWG To PDF.pc3,ISO A4 (210.00 x 297.00 MM),1:1,
E:\2. Emilia\4. DOM AGNIESZKI\0. CADY\04_dom agnieszki.dwg,ELEW S,12.12.2017 12:27:22,Mateusz,DWG To PDF.pc3,ISO A4 (210.00 x 297.00 MM),1:1,
E:\2. Emilia\4. DOM AGNIESZKI\0. CADY\04_dom agnieszki.dwg,ELEW S,12.12.2017 12:42:26,Mateusz,DWG To PDF.pc3,ISO A4 (210.00 x 297.00 MM),1:1,
E:\2. Emilia\4. DOM AGNIESZKI\0. CADY\04_dom agnieszki.dwg,ELEW S,12.12.2017 13:09:07,Mateusz,DWG To PDF.pc3,ISO A4 (210.00 x 297.00 MM),1:1,
E:\2. Emilia\4. DOM AGNIESZKI\0. CADY\06_dom agnieszki.dwg,ELEW S,12.12.2017 16:49:57,Mateusz,DWG To PDF.pc3,ISO A4 (210.00 x 297.00 MM),1:1,
E:\2. Emilia\4. DOM AGNIESZKI\0. CADY\06_dom agnieszki.dwg,ELEW S,12.12.2017 18:51:51,Mateusz,DWG To PDF.pc3,ISO A4 (210.00 x 297.00 MM),1:1,
E:\2. Emilia\4. DOM AGNIESZKI\0. CADY\07_dom agnieszki.dwg,ELEW S,12.12.2017 19:39:41,Mateusz,DWG To PDF.pc3,ISO A4 (210.00 x 297.00 MM),1:1,
E:\2. Emilia\4. DOM AGNIESZKI\0. CADY\07_dom agnieszki.dwg,ELEW S,12.12.2017 19:42:58,Mateusz,DWG To PDF.pc3,ISO A4 (210.00 x 297.00 MM),1:1,
E:\2. Emilia\4. DOM AGNIESZKI\0. CADY\07_dom agnieszki.dwg,ELEW S,12.12.2017 19:44:48,Mateusz,DWG To PDF.pc3,ISO A4 (210.00 x 297.00 MM),1:1,
E:\2. Emilia\4. DOM AGNIESZKI\0. CADY\07_dom agnieszki.dwg,ELEW S,12.12.2017 20:15:00,Mateusz,DWG To PDF.pc3,ISO A4 (210.00 x 297.00 MM),1:1,
E:\2. Emilia\4. DOM AGNIESZKI\0. CADY\07_dom agnieszki.dwg,ELEW S,12.12.2017 20:24:07,Mateusz,DWG To PDF.pc3,ISO A4 (210.00 x 297.00 MM),1:1,
E:\2. Emilia\4. DOM AGNIESZKI\0. CADY\07_dom agnieszki.dwg,ELEW S,12.12.2017 20:24:46,Mateusz,DWG To PDF.pc3,ISO A4 (210.00 x 297.00 MM),1:1,
E:\2. Emilia\4. DOM AGNIESZKI\0. CADY\07_dom agnieszki.dwg,ELEW S,12.12.2017 20:25:32,Mateusz,DWG To PDF.pc3,ISO A4 (210.00 x 297.00 MM),1:1,
E:\2. Emilia\4. DOM AGNIESZKI\0. CADY\07_dom agnieszki.dwg,ELEW S,12.12.2017 20:28:34,Mateusz,DWG To PDF.pc3,ISO A4 (210.00 x 297.00 MM),1:1,
E:\2. Emilia\4. DOM AGNIESZKI\backup\dom-agnieszki\09_dom agnieszki.dwg,ELEW S,13.12.2017 07:32:43,Mateusz,DWG To PDF.pc3,ISO A4 (210.00 x 297.00 MM),1:1,
E:\2. Emilia\4. DOM AGNIESZKI\backup\dom-agnieszki\09_dom agnieszki.dwg,ELEW S,14.12.2017 22:38:34,Mateusz,DWG To PDF.pc3,ISO A4 (210.00 x 297.00 MM),1:1,
E:\2. Emilia\4. DOM AGNIESZKI\backup\dom-agnieszki\09_dom agnieszki.dwg,ELEW S,14.12.2017 22:51:02,Mateusz,DWG To PDF.pc3,ISO A4 (210.00 x 297.00 MM),1:1,
E:\2. Emilia\4. DOM AGNIESZKI\backup\dom-agnieszki\09_dom agnieszki.dwg,ELEW S,14.12.2017 22:52:48,Mateusz,DWG To PDF.pc3,ISO A4 (210.00 x 297.00 MM),1:1,
E:\2. Emilia\4. DOM AGNIESZKI\backup\dom-agnieszki\09_dom agnieszki.dwg,ELEW S,14.12.2017 22:54:09,Mateusz,DWG To PDF.pc3,ISO A4 (210.00 x 297.00 MM),1:1,
E:\2. Emilia\4. DOM AGNIESZKI\backup\dom-agnieszki\09_dom agnieszki.dwg,ELEW N,14.12.2017 22:55:36,Mateusz,DWG To PDF.pc3,ISO A4 (297.00 x 210.00 MM),1:1,
E:\2. Emilia\4. DOM AGNIESZKI\backup\dom-agnieszki\09_dom agnieszki.dwg,ELEW N,14.12.2017 22:58:00,Mateusz,DWG To PDF.pc3,ISO A4 (297.00 x 210.00 MM),1:1,
E:\2. Emilia\4. DOM AGNIESZKI\backup\dom-agnieszki\09_dom agnieszki.dwg,ELEW N,14.12.2017 23:05:53,Mateusz,DWG To PDF.pc3,ISO A4 (297.00 x 210.00 MM),1:1,
E:\2. Emilia\4. DOM AGNIESZKI\backup\dom-agnieszki\09_dom agnieszki.dwg,ELEW W,14.12.2017 23:06:36,Mateusz,DWG To PDF.pc3,ISO A4 (297.00 x 210.00 MM),1:1,
E:\2. Emilia\4. DOM AGNIESZKI\backup\dom-agnieszki\09_dom agnieszki.dwg,ELEW W,14.12.2017 23:07:26,Mateusz,DWG To PDF.pc3,ISO A4 (297.00 x 210.00 MM),1:1,
E:\2. Emilia\4. DOM AGNIESZKI\backup\dom-agnieszki\09_dom agnieszki.dwg,ELEW E,14.12.2017 23:08:19,Mateusz,DWG To PDF.pc3,ISO A4 (210.00 x 297.00 MM),1:1,
E:\2. Emilia\4. DOM AGNIESZKI\backup\dom-agnieszki\09_dom agnieszki.dwg,ELEW W,14.12.2017 23:11:25,Mateusz,DWG To PDF.pc3,ISO A4 (297.00 x 210.00 MM),1:1,
E:\2. Emilia\4. DOM AGNIESZKI\backup\dom-agnieszki\09_dom agnieszki.dwg,ELEW W,14.12.2017 23:13:33,Mateusz,DWG To PDF.pc3,ISO A4 (297.00 x 210.00 MM),1:1,
E:\2. Emilia\4. DOM AGNIESZKI\backup\dom-agnieszki\09_dom agnieszki.dwg,ELEW E,14.12.2017 23:15:17,Mateusz,DWG To PDF.pc3,ISO A4 (210.00 x 297.00 MM),1:1,
E:\2. Emilia\4. DOM AGNIESZKI\backup\dom-agnieszki\09_dom agnieszki.dwg,RZUT 0,14.12.2017 23:16:13,Mateusz,DWG To PDF.pc3,ISO A3 (297.00 x 420.00 MM),1:1,
E:\2. Emilia\4. DOM AGNIESZKI\backup\dom-agnieszki\09_dom agnieszki.dwg,RZUT 1,14.12.2017 23:16:36,Mateusz,DWG To PDF.pc3,ISO A3 (420.00 x 297.00 MM),1:1,
